\BOOKMARK [1][-]{section.1}{\376\377\137\025\212\000}{}% 1
\BOOKMARK [2][-]{subsection.1.1}{\376\377\121\103\133\207\133\231\166\204\142\200\147\057\162\171\140\047}{section.1}% 2
\BOOKMARK [2][-]{subsection.1.2}{\376\377\165\050\142\067\227\000\154\102\166\204\123\330\123\026}{section.1}% 3
\BOOKMARK [2][-]{subsection.1.3}{\376\377\136\002\127\072\215\213\122\277\116\016\123\321\134\125\157\134\122\233}{section.1}% 4
\BOOKMARK [1][-]{section.2}{\376\377\121\103\133\207\133\231\116\016\137\000\145\076\116\026\165\114\156\070\142\017\166\204\131\121\124\010\140\047}{}% 5
\BOOKMARK [2][-]{subsection.2.1}{\376\377\121\103\133\207\133\231\166\204\154\211\155\170\137\017\117\123\232\214}{section.2}% 6
\BOOKMARK [3][-]{subsubsection.2.1.1}{\376\377\206\132\142\337\163\260\133\236\142\200\147\057\166\204\145\057\143\001}{subsection.2.1}% 7
\BOOKMARK [3][-]{subsubsection.2.1.2}{\376\377\130\236\137\072\163\260\133\236\142\200\147\057\166\204\145\164\124\010}{subsection.2.1}% 8
\BOOKMARK [2][-]{subsection.2.2}{\376\377\137\000\145\076\116\026\165\114\156\070\142\017\116\055\166\204\176\317\155\116\116\016\171\076\117\032\174\373\176\337}{section.2}% 9
\BOOKMARK [3][-]{subsubsection.2.2.1}{\376\377\123\072\127\127\224\376\142\200\147\057\166\204\136\224\165\050}{subsection.2.2}% 10
\BOOKMARK [3][-]{subsubsection.2.2.2}{\376\377\123\273\116\055\137\303\123\026\166\204\206\132\142\337\171\076\117\032}{subsection.2.2}% 11
\BOOKMARK [1][-]{section.3}{\376\377\142\200\147\057\145\057\143\001\116\016\133\236\163\260\215\357\137\204}{}% 12
\BOOKMARK [2][-]{subsection.3.1}{\376\377\206\132\142\337\163\260\133\236\142\200\147\057\166\204\154\211\155\170\137\017\117\123\232\214}{section.3}% 13
\BOOKMARK [2][-]{subsection.3.2}{\376\377\123\072\127\127\224\376\142\200\147\057\116\016\123\273\116\055\137\303\123\026\176\317\155\116}{section.3}% 14
\BOOKMARK [2][-]{subsection.3.3}{\376\377\116\221\213\241\173\227\116\016\131\047\211\304\152\041\131\032\116\272\127\050\176\277\145\057\143\001}{section.3}% 15
\BOOKMARK [2][-]{subsection.3.4}{\376\377\116\272\135\345\146\172\200\375\166\204\136\224\165\050}{section.3}% 16
\BOOKMARK [1][-]{section.4}{\376\377\165\050\142\067\227\000\154\102\166\204\123\330\123\026}{}% 17
\BOOKMARK [2][-]{subsection.4.1}{\376\377\116\052\140\047\123\026\143\242\175\042\116\016\122\033\220\040}{section.4}% 18
\BOOKMARK [2][-]{subsection.4.2}{\376\377\171\076\116\244\116\222\122\250\116\016\165\050\142\067\122\033\220\040}{section.4}% 19
\BOOKMARK [2][-]{subsection.4.3}{\376\377\163\251\133\266\123\302\116\016\136\246\116\016\225\177\147\037\165\037\124\175\124\150\147\037}{section.4}% 20
\BOOKMARK [2][-]{subsection.4.4}{\376\377\163\251\133\266\147\037\147\033\166\204\217\154\123\330}{section.4}% 21
\BOOKMARK [1][-]{section.5}{\376\377\137\000\123\321\143\021\142\030\116\016\147\052\147\145\122\115\146\157}{}% 22
\BOOKMARK [2][-]{subsection.5.1}{\376\377\142\200\147\057\143\021\142\030\116\016\145\160\143\156\131\004\164\006}{section.5}% 23
\BOOKMARK [2][-]{subsection.5.2}{\376\377\121\205\133\271\165\037\142\020\166\204\131\015\147\102\140\047}{section.5}% 24
\BOOKMARK [2][-]{subsection.5.3}{\376\377\116\272\135\345\146\172\200\375\116\016\156\070\142\017\136\163\210\141}{section.5}% 25
\BOOKMARK [2][-]{subsection.5.4}{\376\377\137\000\123\321\142\020\147\054\116\016\215\104\156\220\173\241\164\006}{section.5}% 26
\BOOKMARK [2][-]{subsection.5.5}{\376\377\147\052\147\145\166\204\142\200\147\057\172\201\170\064\116\016\147\072\220\107}{section.5}% 27
\BOOKMARK [1][-]{section.6}{\376\377\176\323\213\272}{}% 28
